info it worked if it ends with ok
verbose cli [ 'node', '/usr/bin/npm', 'install', '-g', 'express' ]
info using npm@1.1.4
info using node@v0.6.12
verbose config file /home/peter/.npmrc
verbose config file /usr/etc/npmrc
verbose config file /usr/share/npm/npmrc
verbose cache add [ 'express', null ]
silly cache add: name, spec, args [ undefined, 'express', [ 'express', null ] ]
verbose parsed url { pathname: 'express', path: 'express', href: 'express' }
verbose addNamed [ 'express', '' ]
verbose addNamed [ null, '' ]
silly name, range, hasData [ 'express', '', false ]
verbose raw, before any munging express
verbose url resolving [ 'http://registry.npmjs.org/', './express' ]
verbose url resolved http://registry.npmjs.org/express
verbose etag "DJNAWJGAFNO2PN8KTNQCGDQ6P"
http GET http://registry.npmjs.org/express
http 304 http://registry.npmjs.org/express
silly get cb [ 304,
silly get cb   { date: 'Tue, 09 Sep 2014 19:14:10 GMT',
silly get cb     via: '1.1 varnish',
silly get cb     'last-modified': 'Tue, 09 Sep 2014 19:14:10 GMT',
silly get cb     'cache-control': 'max-age=60',
silly get cb     etag: '"DJNAWJGAFNO2PN8KTNQCGDQ6P"',
silly get cb     connection: 'keep-alive',
silly get cb     'x-served-by': 'cache-iad2134-IAD',
silly get cb     'x-cache': 'HIT',
silly get cb     'x-cache-hits': '1',
silly get cb     'x-timer': 'S1410290050.767058,VS0,VE1',
silly get cb     vary: 'Accept' } ]
verbose etag express from cache
silly name, range, hasData 2 [ 'express', '', true ]
silly versions [ 'express',
silly versions   [ '0.14.0',
silly versions     '0.14.1',
silly versions     '1.0.0',
silly versions     '1.0.1',
silly versions     '1.0.2',
silly versions     '1.0.3',
silly versions     '1.0.4',
silly versions     '1.0.5',
silly versions     '1.0.6',
silly versions     '1.0.7',
silly versions     '2.5.0',
silly versions     '2.5.1',
silly versions     '2.5.2',
silly versions     '2.5.3',
silly versions     '2.5.4',
silly versions     '2.5.5',
silly versions     '2.5.6',
silly versions     '2.5.7',
silly versions     '2.5.8',
silly versions     '2.5.9',
silly versions     '2.5.10',
silly versions     '2.5.11',
silly versions     '3.0.0',
silly versions     '3.0.1',
silly versions     '3.0.2',
silly versions     '3.0.3',
silly versions     '3.0.4',
silly versions     '3.0.5',
silly versions     '3.0.6',
silly versions     '3.1.0',
silly versions     '3.1.1',
silly versions     '3.1.2',
silly versions     '3.2.0',
silly versions     '3.2.1',
silly versions     '3.2.2',
silly versions     '3.2.3',
silly versions     '3.2.4',
silly versions     '3.2.5',
silly versions     '3.2.6',
silly versions     '3.3.0',
silly versions     '3.3.1',
silly versions     '3.3.2',
silly versions     '3.3.3',
silly versions     '3.3.4',
silly versions     '3.3.5',
silly versions     '3.3.6',
silly versions     '1.0.0-beta',
silly versions     '1.0.0-beta2',
silly versions     '1.0.0-rc',
silly versions     '1.0.0-rc2',
silly versions     '1.0.0-rc3',
silly versions     '1.0.0-rc4',
silly versions     '3.0.0-alpha1',
silly versions     '3.0.0-alpha2',
silly versions     '3.0.0-alpha3',
silly versions     '3.0.0-alpha4',
silly versions     '3.0.0-alpha5',
silly versions     '3.0.0-beta1',
silly versions     '3.0.0-beta2',
silly versions     '3.0.0-beta3',
silly versions     '3.0.0-beta4',
silly versions     '3.0.0-beta6',
silly versions     '3.0.0-beta7',
silly versions     '3.0.0-rc1',
silly versions     '3.0.0-rc2',
silly versions     '3.0.0-rc3',
silly versions     '3.0.0-rc4',
silly versions     '3.0.0-rc5',
silly versions     '3.3.7',
silly versions     '3.3.8',
silly versions     '3.4.0',
silly versions     '3.4.1',
silly versions     '3.4.2',
silly versions     '3.4.3',
silly versions     '3.4.4' ] ]
verbose bin dist [ '0.6-ares1.7.5-evundefined-openssl1.0.1-v83.7.12.22-linux-x64-3.5.0-45-generic',
verbose bin dist   { shasum: '0b63ae626c96b71b78d13dfce079c10351635a86',
verbose bin dist     tarball: 'http://registry.npmjs.org/express/-/express-3.4.4.tgz' } ]
verbose caching /home/peter/.npm/express/3.4.4/package/package.json
verbose loadDefaults express@3.4.4
silly resolved [ { name: 'express',
silly resolved     description: 'Sinatra inspired web development framework',
silly resolved     version: '3.4.4',
silly resolved     author: { name: 'TJ Holowaychuk', email: 'tj@vision-media.ca' },
silly resolved     contributors: 
silly resolved      [ { name: 'TJ Holowaychuk', email: 'tj@vision-media.ca' },
silly resolved        { name: 'Aaron Heckmann',
silly resolved          email: 'aaron.heckmann+github@gmail.com' },
silly resolved        { name: 'Ciaran Jessup', email: 'ciaranj@gmail.com' },
silly resolved        { name: 'Guillermo Rauch', email: 'rauchg@gmail.com' } ],
silly resolved     dependencies: 
silly resolved      { connect: '2.11.0',
silly resolved        commander: '1.3.2',
silly resolved        'range-parser': '0.0.4',
silly resolved        mkdirp: '0.3.5',
silly resolved        cookie: '0.1.0',
silly resolved        'buffer-crc32': '0.2.1',
silly resolved        fresh: '0.2.0',
silly resolved        methods: '0.1.0',
silly resolved        send: '0.1.4',
silly resolved        'cookie-signature': '1.0.1',
silly resolved        debug: '*' },
silly resolved     devDependencies: 
silly resolved      { ejs: '*',
silly resolved        mocha: '*',
silly resolved        jade: '0.30.0',
silly resolved        hjs: '*',
silly resolved        stylus: '*',
silly resolved        should: '2',
silly resolved        'connect-redis': '*',
silly resolved        marked: '*',
silly resolved        supertest: '0.8.1 - 1' },
silly resolved     keywords: 
silly resolved      [ 'express',
silly resolved        'framework',
silly resolved        'sinatra',
silly resolved        'web',
silly resolved        'rest',
silly resolved        'restful',
silly resolved        'router',
silly resolved        'app',
silly resolved        'api' ],
silly resolved     repository: { type: 'git', url: 'git://github.com/visionmedia/express.git' },
silly resolved     main: 'index',
silly resolved     bin: { express: './bin/express' },
silly resolved     scripts: { prepublish: 'npm prune', test: 'make test' },
silly resolved     engines: { node: '*' },
silly resolved     _id: 'express@3.4.4',
silly resolved     optionalDependencies: {},
silly resolved     _engineSupported: true,
silly resolved     _npmVersion: '1.1.4',
silly resolved     _nodeVersion: 'v0.6.12',
silly resolved     _defaultsLoaded: true,
silly resolved     _from: 'express' } ]
info into /usr/local/lib express@3.4.4
info installOne express@3.4.4
verbose from cache /home/peter/.npm/express/3.4.4/package/package.json
info unbuild /usr/local/lib/node_modules/express
verbose mkdir (expected) error ENOENT, no such file or directory '/usr/local/lib/node_modules'
verbose unpack_ uid, gid [ undefined, undefined ]
verbose unpackTarget /usr/local/lib/node_modules/express
ERR! Could not create /usr/local/lib/node_modules/___express.npm
ERR! error installing express@3.4.4
info unbuild /usr/local/lib/node_modules/express
verbose installOne cb express@3.4.4
ERR! Error: EACCES, permission denied '/usr/local/lib/node_modules'
ERR! 
ERR! Please try running this command again as root/Administrator.
ERR! 
ERR! System Linux 3.5.0-45-generic
ERR! command "node" "/usr/bin/npm" "install" "-g" "express"
ERR! cwd /home/peter/Dropbox/website
ERR! node -v v0.6.12
ERR! npm -v 1.1.4
ERR! path /usr/local/lib/node_modules
ERR! code EACCES
ERR! message EACCES, permission denied '/usr/local/lib/node_modules'
ERR! errno {}
verbose exit [ 1, true ]
